mode: set
dev.helix.code/internal/database/database.go:31.44,38.16 3 1
dev.helix.code/internal/database/database.go:38.16,40.3 1 0
dev.helix.code/internal/database/database.go:43.2,49.16 6 1
dev.helix.code/internal/database/database.go:49.16,51.3 1 0
dev.helix.code/internal/database/database.go:54.2,57.39 3 1
dev.helix.code/internal/database/database.go:57.39,59.3 1 1
dev.helix.code/internal/database/database.go:61.2,63.35 2 0
dev.helix.code/internal/database/database.go:67.29,68.20 1 1
dev.helix.code/internal/database/database.go:68.20,71.3 2 0
dev.helix.code/internal/database/database.go:75.46,87.16 4 0
dev.helix.code/internal/database/database.go:87.16,89.3 1 0
dev.helix.code/internal/database/database.go:91.2,91.18 1 0
dev.helix.code/internal/database/database.go:91.18,94.3 2 0
dev.helix.code/internal/database/database.go:96.2,100.16 3 0
dev.helix.code/internal/database/database.go:100.16,102.3 1 0
dev.helix.code/internal/database/database.go:104.2,105.12 2 0
dev.helix.code/internal/database/database.go:109.46,110.20 1 1
dev.helix.code/internal/database/database.go:110.20,112.3 1 1
dev.helix.code/internal/database/database.go:115.2,115.44 1 0
dev.helix.code/internal/database/database.go:119.41,120.20 1 1
dev.helix.code/internal/database/database.go:120.20,122.3 1 1
dev.helix.code/internal/database/database.go:124.2,127.26 3 0
