mode: set
dev.helix.code/internal/hardware/detector.go:33.30,37.2 1 1
dev.helix.code/internal/hardware/detector.go:40.52,44.38 2 1
dev.helix.code/internal/hardware/detector.go:44.38,46.3 1 0
dev.helix.code/internal/hardware/detector.go:49.2,49.38 1 1
dev.helix.code/internal/hardware/detector.go:49.38,51.3 1 0
dev.helix.code/internal/hardware/detector.go:54.2,54.41 1 1
dev.helix.code/internal/hardware/detector.go:54.41,56.3 1 0
dev.helix.code/internal/hardware/detector.go:59.2,59.43 1 1
dev.helix.code/internal/hardware/detector.go:59.43,61.3 1 0
dev.helix.code/internal/hardware/detector.go:63.2,64.20 2 1
dev.helix.code/internal/hardware/detector.go:68.49,73.45 2 1
dev.helix.code/internal/hardware/detector.go:73.45,75.3 1 0
dev.helix.code/internal/hardware/detector.go:75.8,75.52 1 1
dev.helix.code/internal/hardware/detector.go:75.52,78.3 2 0
dev.helix.code/internal/hardware/detector.go:81.2,81.52 1 1
dev.helix.code/internal/hardware/detector.go:81.52,83.3 1 1
dev.helix.code/internal/hardware/detector.go:86.2,88.9 2 1
dev.helix.code/internal/hardware/detector.go:89.25,90.15 1 0
dev.helix.code/internal/hardware/detector.go:91.25,92.15 1 0
dev.helix.code/internal/hardware/detector.go:93.24,94.15 1 1
dev.helix.code/internal/hardware/detector.go:95.24,96.14 1 0
dev.helix.code/internal/hardware/detector.go:97.10,98.14 1 1
dev.helix.code/internal/hardware/detector.go:103.55,119.2 5 1
dev.helix.code/internal/hardware/detector.go:122.51,126.29 2 1
dev.helix.code/internal/hardware/detector.go:126.29,128.3 1 0
dev.helix.code/internal/hardware/detector.go:129.2,129.30 1 1
dev.helix.code/internal/hardware/detector.go:129.30,131.3 1 1
dev.helix.code/internal/hardware/detector.go:133.2,133.14 1 1
dev.helix.code/internal/hardware/detector.go:138.38,146.22 2 1
dev.helix.code/internal/hardware/detector.go:147.15,148.28 1 0
dev.helix.code/internal/hardware/detector.go:149.16,150.28 1 1
dev.helix.code/internal/hardware/detector.go:151.10,152.30 1 0
dev.helix.code/internal/hardware/detector.go:156.43,159.16 2 0
dev.helix.code/internal/hardware/detector.go:159.16,161.3 1 0
dev.helix.code/internal/hardware/detector.go:163.2,164.29 2 0
dev.helix.code/internal/hardware/detector.go:164.29,165.44 1 0
dev.helix.code/internal/hardware/detector.go:165.44,167.22 2 0
dev.helix.code/internal/hardware/detector.go:167.22,169.5 1 0
dev.helix.code/internal/hardware/detector.go:170.9,170.50 1 0
dev.helix.code/internal/hardware/detector.go:170.50,172.22 2 0
dev.helix.code/internal/hardware/detector.go:172.22,174.5 1 0
dev.helix.code/internal/hardware/detector.go:178.2,178.12 1 0
dev.helix.code/internal/hardware/detector.go:181.43,184.45 2 1
dev.helix.code/internal/hardware/detector.go:184.45,186.3 1 1
dev.helix.code/internal/hardware/detector.go:188.2,189.45 2 1
dev.helix.code/internal/hardware/detector.go:189.45,191.3 1 0
dev.helix.code/internal/hardware/detector.go:193.2,193.12 1 1
dev.helix.code/internal/hardware/detector.go:196.45,201.2 3 0
dev.helix.code/internal/hardware/detector.go:203.38,205.22 1 1
dev.helix.code/internal/hardware/detector.go:206.15,207.28 1 0
dev.helix.code/internal/hardware/detector.go:208.16,209.28 1 1
dev.helix.code/internal/hardware/detector.go:210.10,211.30 1 0
dev.helix.code/internal/hardware/detector.go:215.43,217.55 1 0
dev.helix.code/internal/hardware/detector.go:217.55,219.3 1 0
dev.helix.code/internal/hardware/detector.go:222.2,222.29 1 0
dev.helix.code/internal/hardware/detector.go:225.43,228.45 2 1
dev.helix.code/internal/hardware/detector.go:228.45,230.30 2 1
dev.helix.code/internal/hardware/detector.go:230.30,231.48 1 1
dev.helix.code/internal/hardware/detector.go:231.48,233.23 2 1
dev.helix.code/internal/hardware/detector.go:233.23,235.6 1 1
dev.helix.code/internal/hardware/detector.go:236.10,236.45 1 1
dev.helix.code/internal/hardware/detector.go:236.45,238.23 2 0
dev.helix.code/internal/hardware/detector.go:238.23,240.6 1 0
dev.helix.code/internal/hardware/detector.go:245.2,248.12 3 1
dev.helix.code/internal/hardware/detector.go:251.45,256.2 3 0
dev.helix.code/internal/hardware/detector.go:258.41,260.45 2 0
dev.helix.code/internal/hardware/detector.go:260.45,262.21 2 0
dev.helix.code/internal/hardware/detector.go:262.21,264.23 2 0
dev.helix.code/internal/hardware/detector.go:264.23,267.5 2 0
dev.helix.code/internal/hardware/detector.go:271.2,274.12 3 0
dev.helix.code/internal/hardware/detector.go:277.41,282.2 2 1
dev.helix.code/internal/hardware/detector.go:284.43,286.16 2 1
dev.helix.code/internal/hardware/detector.go:286.16,288.3 1 0
dev.helix.code/internal/hardware/detector.go:290.2,296.12 2 1
dev.helix.code/internal/hardware/hardware.go:99.46,101.2 1 1
dev.helix.code/internal/hardware/hardware.go:104.59,132.2 1 1
dev.helix.code/internal/hardware/hardware.go:135.40,138.2 2 1
