mode: set
dev.helix.code/internal/notification/engine.go:81.50,87.2 1 1
dev.helix.code/internal/notification/engine.go:90.81,95.43 4 1
dev.helix.code/internal/notification/engine.go:95.43,97.3 1 1
dev.helix.code/internal/notification/engine.go:99.2,101.12 3 1
dev.helix.code/internal/notification/engine.go:105.67,113.2 6 1
dev.helix.code/internal/notification/engine.go:116.82,121.16 4 1
dev.helix.code/internal/notification/engine.go:121.16,123.3 1 1
dev.helix.code/internal/notification/engine.go:125.2,127.12 3 1
dev.helix.code/internal/notification/engine.go:131.102,140.2 4 1
dev.helix.code/internal/notification/engine.go:143.115,149.2 4 1
dev.helix.code/internal/notification/engine.go:152.69,156.31 3 1
dev.helix.code/internal/notification/engine.go:156.31,157.20 1 1
dev.helix.code/internal/notification/engine.go:157.20,158.12 1 0
dev.helix.code/internal/notification/engine.go:162.3,162.55 1 1
dev.helix.code/internal/notification/engine.go:162.55,164.42 1 1
dev.helix.code/internal/notification/engine.go:164.42,165.50 1 1
dev.helix.code/internal/notification/engine.go:165.50,167.6 1 1
dev.helix.code/internal/notification/engine.go:171.4,171.85 1 1
dev.helix.code/internal/notification/engine.go:171.85,173.5 1 0
dev.helix.code/internal/notification/engine.go:176.4,176.27 1 1
dev.helix.code/internal/notification/engine.go:176.27,178.5 1 0
dev.helix.code/internal/notification/engine.go:184.100,190.52 4 1
dev.helix.code/internal/notification/engine.go:190.52,192.38 2 1
dev.helix.code/internal/notification/engine.go:192.38,194.12 2 0
dev.helix.code/internal/notification/engine.go:197.3,197.57 1 1
dev.helix.code/internal/notification/engine.go:197.57,200.4 2 0
dev.helix.code/internal/notification/engine.go:200.9,202.4 1 1
dev.helix.code/internal/notification/engine.go:205.2,205.21 1 1
dev.helix.code/internal/notification/engine.go:205.21,207.3 1 0
dev.helix.code/internal/notification/engine.go:209.2,209.12 1 1
dev.helix.code/internal/notification/engine.go:214.98,216.21 1 1
dev.helix.code/internal/notification/engine.go:216.21,218.3 1 0
dev.helix.code/internal/notification/engine.go:221.2,221.69 1 1
dev.helix.code/internal/notification/engine.go:221.69,223.3 1 1
dev.helix.code/internal/notification/engine.go:226.2,226.77 1 0
dev.helix.code/internal/notification/engine.go:226.77,228.3 1 0
dev.helix.code/internal/notification/engine.go:231.2,231.46 1 0
dev.helix.code/internal/notification/engine.go:231.46,234.86 2 0
dev.helix.code/internal/notification/engine.go:234.86,236.4 1 0
dev.helix.code/internal/notification/engine.go:239.2,239.14 1 0
dev.helix.code/internal/notification/engine.go:242.82,243.18 1 1
dev.helix.code/internal/notification/engine.go:244.31,245.11 1 1
dev.helix.code/internal/notification/engine.go:246.34,247.11 1 1
dev.helix.code/internal/notification/engine.go:248.32,249.11 1 1
dev.helix.code/internal/notification/engine.go:250.34,251.11 1 1
dev.helix.code/internal/notification/engine.go:252.10,253.11 1 1
dev.helix.code/internal/notification/engine.go:257.93,259.13 2 0
dev.helix.code/internal/notification/engine.go:259.13,261.3 1 0
dev.helix.code/internal/notification/engine.go:263.2,264.57 2 0
dev.helix.code/internal/notification/engine.go:264.57,266.3 1 0
dev.helix.code/internal/notification/engine.go:269.49,270.26 1 1
dev.helix.code/internal/notification/engine.go:270.26,271.16 1 0
dev.helix.code/internal/notification/engine.go:271.16,273.4 1 0
dev.helix.code/internal/notification/engine.go:275.2,275.14 1 1
dev.helix.code/internal/notification/engine.go:279.71,286.40 5 0
dev.helix.code/internal/notification/engine.go:286.40,291.26 2 0
dev.helix.code/internal/notification/engine.go:291.26,293.4 1 0
dev.helix.code/internal/notification/engine.go:296.2,303.14 2 0
dev.helix.code/internal/notification/engine.go:306.53,308.31 2 0
dev.helix.code/internal/notification/engine.go:308.31,309.19 1 0
dev.helix.code/internal/notification/engine.go:309.19,311.4 1 0
dev.helix.code/internal/notification/engine.go:313.2,313.14 1 0
dev.helix.code/internal/notification/engine.go:325.71,333.2 1 1
dev.helix.code/internal/notification/engine.go:335.84,336.16 1 1
dev.helix.code/internal/notification/engine.go:336.16,338.3 1 1
dev.helix.code/internal/notification/engine.go:340.2,348.16 3 1
dev.helix.code/internal/notification/engine.go:348.16,350.3 1 0
dev.helix.code/internal/notification/engine.go:352.2,353.16 2 1
dev.helix.code/internal/notification/engine.go:353.16,355.3 1 0
dev.helix.code/internal/notification/engine.go:356.2,358.38 2 1
dev.helix.code/internal/notification/engine.go:358.38,360.3 1 1
dev.helix.code/internal/notification/engine.go:362.2,362.12 1 1
dev.helix.code/internal/notification/engine.go:365.41,367.2 1 1
dev.helix.code/internal/notification/engine.go:369.41,371.2 1 1
dev.helix.code/internal/notification/engine.go:373.59,379.2 1 1
dev.helix.code/internal/notification/engine.go:381.81,382.26 1 1
dev.helix.code/internal/notification/engine.go:383.31,384.30 1 1
dev.helix.code/internal/notification/engine.go:385.31,386.21 1 1
dev.helix.code/internal/notification/engine.go:387.29,388.15 1 1
dev.helix.code/internal/notification/engine.go:389.29,390.28 1 1
dev.helix.code/internal/notification/engine.go:391.10,392.32 1 1
dev.helix.code/internal/notification/engine.go:407.98,417.2 1 1
dev.helix.code/internal/notification/engine.go:419.84,420.16 1 1
dev.helix.code/internal/notification/engine.go:420.16,422.3 1 1
dev.helix.code/internal/notification/engine.go:425.2,426.16 2 0
dev.helix.code/internal/notification/engine.go:426.16,428.3 1 0
dev.helix.code/internal/notification/engine.go:430.2,440.67 4 0
dev.helix.code/internal/notification/engine.go:444.88,445.34 1 1
dev.helix.code/internal/notification/engine.go:445.34,447.3 1 1
dev.helix.code/internal/notification/engine.go:450.2,451.13 2 1
dev.helix.code/internal/notification/engine.go:451.13,454.14 2 1
dev.helix.code/internal/notification/engine.go:454.14,456.4 1 1
dev.helix.code/internal/notification/engine.go:459.3,459.49 1 1
dev.helix.code/internal/notification/engine.go:459.49,460.23 1 1
dev.helix.code/internal/notification/engine.go:460.23,462.5 1 1
dev.helix.code/internal/notification/engine.go:463.4,463.35 1 1
dev.helix.code/internal/notification/engine.go:465.3,465.65 1 0
dev.helix.code/internal/notification/engine.go:469.2,469.52 1 1
dev.helix.code/internal/notification/engine.go:469.52,470.27 1 1
dev.helix.code/internal/notification/engine.go:470.27,472.4 1 1
dev.helix.code/internal/notification/engine.go:474.3,474.40 1 1
dev.helix.code/internal/notification/engine.go:474.40,475.23 1 1
dev.helix.code/internal/notification/engine.go:475.23,477.5 1 1
dev.helix.code/internal/notification/engine.go:479.3,479.25 1 1
dev.helix.code/internal/notification/engine.go:483.2,483.66 1 1
dev.helix.code/internal/notification/engine.go:483.66,485.41 2 1
dev.helix.code/internal/notification/engine.go:485.41,486.39 1 1
dev.helix.code/internal/notification/engine.go:486.39,487.24 1 1
dev.helix.code/internal/notification/engine.go:487.24,489.6 1 0
dev.helix.code/internal/notification/engine.go:490.5,490.47 1 1
dev.helix.code/internal/notification/engine.go:491.10,493.5 1 0
dev.helix.code/internal/notification/engine.go:495.3,495.27 1 1
dev.helix.code/internal/notification/engine.go:495.27,497.4 1 0
dev.helix.code/internal/notification/engine.go:498.3,498.25 1 1
dev.helix.code/internal/notification/engine.go:501.2,501.95 1 0
dev.helix.code/internal/notification/engine.go:504.41,506.2 1 1
dev.helix.code/internal/notification/engine.go:508.41,510.2 1 1
dev.helix.code/internal/notification/engine.go:512.59,519.2 1 1
dev.helix.code/internal/notification/engine.go:529.67,536.2 1 1
dev.helix.code/internal/notification/engine.go:538.87,539.16 1 1
dev.helix.code/internal/notification/engine.go:539.16,541.3 1 1
dev.helix.code/internal/notification/engine.go:544.2,547.36 2 0
dev.helix.code/internal/notification/engine.go:547.36,549.49 2 0
dev.helix.code/internal/notification/engine.go:549.49,551.4 1 0
dev.helix.code/internal/notification/engine.go:555.2,564.16 4 0
dev.helix.code/internal/notification/engine.go:564.16,566.3 1 0
dev.helix.code/internal/notification/engine.go:568.2,569.16 2 0
dev.helix.code/internal/notification/engine.go:569.16,571.3 1 0
dev.helix.code/internal/notification/engine.go:572.2,574.38 2 0
dev.helix.code/internal/notification/engine.go:574.38,577.3 2 0
dev.helix.code/internal/notification/engine.go:579.2,579.12 1 0
dev.helix.code/internal/notification/engine.go:582.44,584.2 1 1
dev.helix.code/internal/notification/engine.go:586.44,588.2 1 1
dev.helix.code/internal/notification/engine.go:590.62,595.2 1 1
dev.helix.code/internal/notification/engine.go:598.58,599.21 1 1
dev.helix.code/internal/notification/engine.go:599.21,601.3 1 1
dev.helix.code/internal/notification/engine.go:602.2,602.38 1 1
dev.helix.code/internal/notification/engine.go:612.56,618.2 1 1
dev.helix.code/internal/notification/engine.go:620.86,621.16 1 1
dev.helix.code/internal/notification/engine.go:621.16,623.3 1 1
dev.helix.code/internal/notification/engine.go:625.2,630.16 3 1
dev.helix.code/internal/notification/engine.go:630.16,632.3 1 0
dev.helix.code/internal/notification/engine.go:634.2,635.16 2 1
dev.helix.code/internal/notification/engine.go:635.16,637.3 1 1
dev.helix.code/internal/notification/engine.go:638.2,640.81 2 1
dev.helix.code/internal/notification/engine.go:640.81,642.3 1 1
dev.helix.code/internal/notification/engine.go:644.2,644.12 1 1
dev.helix.code/internal/notification/engine.go:647.43,649.2 1 1
dev.helix.code/internal/notification/engine.go:651.43,653.2 1 1
dev.helix.code/internal/notification/engine.go:655.61,659.2 1 1
dev.helix.code/internal/notification/engine.go:669.78,676.2 1 1
dev.helix.code/internal/notification/engine.go:678.94,679.16 1 0
dev.helix.code/internal/notification/engine.go:679.16,681.3 1 0
dev.helix.code/internal/notification/engine.go:683.2,691.16 4 0
dev.helix.code/internal/notification/engine.go:691.16,693.3 1 0
dev.helix.code/internal/notification/engine.go:695.2,696.16 2 0
dev.helix.code/internal/notification/engine.go:696.16,698.3 1 0
dev.helix.code/internal/notification/engine.go:700.2,705.16 5 0
dev.helix.code/internal/notification/engine.go:705.16,707.3 1 0
dev.helix.code/internal/notification/engine.go:708.2,710.38 2 0
dev.helix.code/internal/notification/engine.go:710.38,712.3 1 0
dev.helix.code/internal/notification/engine.go:714.2,715.12 2 0
dev.helix.code/internal/notification/engine.go:718.51,720.2 1 1
dev.helix.code/internal/notification/engine.go:722.51,724.2 1 1
dev.helix.code/internal/notification/engine.go:726.69,731.2 1 1
dev.helix.code/internal/notification/engine.go:742.65,750.2 1 1
dev.helix.code/internal/notification/engine.go:752.82,753.16 1 0
dev.helix.code/internal/notification/engine.go:753.16,755.3 1 0
dev.helix.code/internal/notification/engine.go:757.2,765.16 4 0
dev.helix.code/internal/notification/engine.go:765.16,767.3 1 0
dev.helix.code/internal/notification/engine.go:769.2,770.16 2 0
dev.helix.code/internal/notification/engine.go:770.16,772.3 1 0
dev.helix.code/internal/notification/engine.go:774.2,779.16 5 0
dev.helix.code/internal/notification/engine.go:779.16,781.3 1 0
dev.helix.code/internal/notification/engine.go:782.2,784.79 2 0
dev.helix.code/internal/notification/engine.go:784.79,786.3 1 0
dev.helix.code/internal/notification/engine.go:788.2,789.12 2 0
dev.helix.code/internal/notification/engine.go:792.39,794.2 1 1
dev.helix.code/internal/notification/engine.go:796.39,798.2 1 1
dev.helix.code/internal/notification/engine.go:800.57,806.2 1 1
dev.helix.code/internal/notification/event_handler.go:17.88,21.2 1 1
dev.helix.code/internal/notification/event_handler.go:24.92,25.21 1 1
dev.helix.code/internal/notification/event_handler.go:25.21,27.3 1 0
dev.helix.code/internal/notification/event_handler.go:29.2,30.25 2 1
dev.helix.code/internal/notification/event_handler.go:30.25,33.3 1 1
dev.helix.code/internal/notification/event_handler.go:35.2,38.53 2 1
dev.helix.code/internal/notification/event_handler.go:42.87,48.18 3 1
dev.helix.code/internal/notification/event_handler.go:50.32,51.69 1 1
dev.helix.code/internal/notification/event_handler.go:52.29,53.66 1 1
dev.helix.code/internal/notification/event_handler.go:54.30,56.13 1 1
dev.helix.code/internal/notification/event_handler.go:59.36,60.73 1 1
dev.helix.code/internal/notification/event_handler.go:61.33,62.70 1 1
dev.helix.code/internal/notification/event_handler.go:65.37,66.74 1 1
dev.helix.code/internal/notification/event_handler.go:67.39,68.76 1 0
dev.helix.code/internal/notification/event_handler.go:71.30,72.67 1 1
dev.helix.code/internal/notification/event_handler.go:73.32,74.69 1 1
dev.helix.code/internal/notification/event_handler.go:75.33,76.70 1 0
dev.helix.code/internal/notification/event_handler.go:78.10,80.13 1 0
dev.helix.code/internal/notification/event_handler.go:86.158,91.20 4 1
dev.helix.code/internal/notification/event_handler.go:91.20,93.3 1 1
dev.helix.code/internal/notification/event_handler.go:95.2,108.3 1 1
dev.helix.code/internal/notification/event_handler.go:111.155,131.2 4 1
dev.helix.code/internal/notification/event_handler.go:135.162,153.2 3 1
dev.helix.code/internal/notification/event_handler.go:155.159,175.2 4 1
dev.helix.code/internal/notification/event_handler.go:179.163,197.2 4 1
dev.helix.code/internal/notification/event_handler.go:199.165,217.2 4 0
dev.helix.code/internal/notification/event_handler.go:221.156,237.2 3 1
dev.helix.code/internal/notification/event_handler.go:239.158,243.19 3 1
dev.helix.code/internal/notification/event_handler.go:243.19,245.3 1 1
dev.helix.code/internal/notification/event_handler.go:247.2,257.3 1 1
dev.helix.code/internal/notification/event_handler.go:260.159,274.2 2 0
dev.helix.code/internal/notification/event_handler.go:278.110,279.18 1 1
dev.helix.code/internal/notification/event_handler.go:280.30,281.31 1 1
dev.helix.code/internal/notification/event_handler.go:282.27,283.31 1 1
dev.helix.code/internal/notification/event_handler.go:284.29,285.33 1 1
dev.helix.code/internal/notification/event_handler.go:286.10,287.30 1 1
dev.helix.code/internal/notification/event_handler.go:291.106,292.18 1 1
dev.helix.code/internal/notification/event_handler.go:293.30,294.36 1 1
dev.helix.code/internal/notification/event_handler.go:295.27,296.34 1 1
dev.helix.code/internal/notification/event_handler.go:297.29,298.36 1 1
dev.helix.code/internal/notification/event_handler.go:299.10,300.33 1 1
dev.helix.code/internal/notification/event_handler.go:304.119,305.17 1 1
dev.helix.code/internal/notification/event_handler.go:305.17,307.3 1 0
dev.helix.code/internal/notification/event_handler.go:308.2,308.30 1 1
dev.helix.code/internal/notification/event_handler.go:308.30,309.34 1 1
dev.helix.code/internal/notification/event_handler.go:309.34,311.4 1 1
dev.helix.code/internal/notification/event_handler.go:313.2,313.21 1 0
dev.helix.code/internal/notification/event_handler.go:317.78,336.2 10 1
dev.helix.code/internal/notification/integrations.go:20.67,27.2 1 0
dev.helix.code/internal/notification/integrations.go:29.88,30.16 1 0
dev.helix.code/internal/notification/integrations.go:30.16,32.3 1 0
dev.helix.code/internal/notification/integrations.go:34.2,49.16 3 0
dev.helix.code/internal/notification/integrations.go:49.16,51.3 1 0
dev.helix.code/internal/notification/integrations.go:53.2,54.16 2 0
dev.helix.code/internal/notification/integrations.go:54.16,56.3 1 0
dev.helix.code/internal/notification/integrations.go:57.2,59.44 2 0
dev.helix.code/internal/notification/integrations.go:59.44,61.3 1 0
dev.helix.code/internal/notification/integrations.go:63.2,63.12 1 0
dev.helix.code/internal/notification/integrations.go:66.45,68.2 1 0
dev.helix.code/internal/notification/integrations.go:70.45,72.2 1 0
dev.helix.code/internal/notification/integrations.go:74.63,79.2 1 0
dev.helix.code/internal/notification/integrations.go:81.75,82.19 1 0
dev.helix.code/internal/notification/integrations.go:83.29,84.20 1 0
dev.helix.code/internal/notification/integrations.go:85.29,86.17 1 0
dev.helix.code/internal/notification/integrations.go:87.31,88.19 1 0
dev.helix.code/internal/notification/integrations.go:89.10,90.16 1 0
dev.helix.code/internal/notification/integrations.go:105.79,114.2 1 0
dev.helix.code/internal/notification/integrations.go:116.83,117.16 1 0
dev.helix.code/internal/notification/integrations.go:117.16,119.3 1 0
dev.helix.code/internal/notification/integrations.go:122.2,139.16 3 0
dev.helix.code/internal/notification/integrations.go:139.16,141.3 1 0
dev.helix.code/internal/notification/integrations.go:143.2,145.16 3 0
dev.helix.code/internal/notification/integrations.go:145.16,147.3 1 0
dev.helix.code/internal/notification/integrations.go:149.2,153.16 4 0
dev.helix.code/internal/notification/integrations.go:153.16,155.3 1 0
dev.helix.code/internal/notification/integrations.go:156.2,158.43 2 0
dev.helix.code/internal/notification/integrations.go:158.43,160.3 1 0
dev.helix.code/internal/notification/integrations.go:162.2,162.12 1 0
dev.helix.code/internal/notification/integrations.go:165.40,167.2 1 0
dev.helix.code/internal/notification/integrations.go:169.40,171.2 1 0
dev.helix.code/internal/notification/integrations.go:173.58,179.2 1 0
dev.helix.code/internal/notification/integrations.go:181.73,182.18 1 0
dev.helix.code/internal/notification/integrations.go:183.34,184.19 1 0
dev.helix.code/internal/notification/integrations.go:185.32,186.16 1 0
dev.helix.code/internal/notification/integrations.go:187.34,188.18 1 0
dev.helix.code/internal/notification/integrations.go:189.10,190.15 1 0
dev.helix.code/internal/notification/integrations.go:205.77,214.2 1 0
dev.helix.code/internal/notification/integrations.go:216.91,217.16 1 0
dev.helix.code/internal/notification/integrations.go:217.16,219.3 1 0
dev.helix.code/internal/notification/integrations.go:222.2,231.16 3 0
dev.helix.code/internal/notification/integrations.go:231.16,233.3 1 0
dev.helix.code/internal/notification/integrations.go:235.2,237.16 3 0
dev.helix.code/internal/notification/integrations.go:237.16,239.3 1 0
dev.helix.code/internal/notification/integrations.go:241.2,246.16 5 0
dev.helix.code/internal/notification/integrations.go:246.16,248.3 1 0
dev.helix.code/internal/notification/integrations.go:249.2,251.43 2 0
dev.helix.code/internal/notification/integrations.go:251.43,253.3 1 0
dev.helix.code/internal/notification/integrations.go:255.2,255.12 1 0
dev.helix.code/internal/notification/integrations.go:258.48,260.2 1 0
dev.helix.code/internal/notification/integrations.go:262.48,264.2 1 0
dev.helix.code/internal/notification/integrations.go:266.66,272.2 1 0
dev.helix.code/internal/notification/metrics.go:47.28,52.2 1 0
dev.helix.code/internal/notification/metrics.go:55.70,62.45 5 0
dev.helix.code/internal/notification/metrics.go:62.45,64.3 1 0
dev.helix.code/internal/notification/metrics.go:66.2,71.22 6 0
dev.helix.code/internal/notification/metrics.go:71.22,73.3 1 0
dev.helix.code/internal/notification/metrics.go:74.2,74.19 1 0
dev.helix.code/internal/notification/metrics.go:78.48,84.45 4 0
dev.helix.code/internal/notification/metrics.go:84.45,86.3 1 0
dev.helix.code/internal/notification/metrics.go:88.2,91.19 4 0
dev.helix.code/internal/notification/metrics.go:95.47,101.45 4 0
dev.helix.code/internal/notification/metrics.go:101.45,103.3 1 0
dev.helix.code/internal/notification/metrics.go:105.2,108.19 4 0
dev.helix.code/internal/notification/metrics.go:112.34,116.2 3 0
dev.helix.code/internal/notification/metrics.go:119.53,125.45 4 0
dev.helix.code/internal/notification/metrics.go:125.45,127.3 1 0
dev.helix.code/internal/notification/metrics.go:129.2,132.19 4 0
dev.helix.code/internal/notification/metrics.go:136.42,140.2 3 0
dev.helix.code/internal/notification/metrics.go:143.40,147.2 3 0
dev.helix.code/internal/notification/metrics.go:150.62,154.29 3 0
dev.helix.code/internal/notification/metrics.go:154.29,156.3 1 0
dev.helix.code/internal/notification/metrics.go:158.2,158.34 1 0
dev.helix.code/internal/notification/metrics.go:158.34,160.3 1 0
dev.helix.code/internal/notification/metrics.go:162.2,162.34 1 0
dev.helix.code/internal/notification/metrics.go:162.34,164.3 1 0
dev.helix.code/internal/notification/metrics.go:168.40,189.44 4 0
dev.helix.code/internal/notification/metrics.go:189.44,201.3 3 0
dev.helix.code/internal/notification/metrics.go:203.2,203.13 1 0
dev.helix.code/internal/notification/metrics.go:207.27,224.2 15 0
dev.helix.code/internal/notification/metrics.go:227.44,232.16 4 0
dev.helix.code/internal/notification/metrics.go:232.16,234.3 1 0
dev.helix.code/internal/notification/metrics.go:236.2,236.54 1 0
dev.helix.code/internal/notification/metrics.go:240.65,245.9 4 0
dev.helix.code/internal/notification/metrics.go:245.9,247.3 1 0
dev.helix.code/internal/notification/metrics.go:249.2,253.16 4 0
dev.helix.code/internal/notification/metrics.go:253.16,255.3 1 0
dev.helix.code/internal/notification/metrics.go:257.2,257.50 1 0
dev.helix.code/internal/notification/queue.go:44.100,53.2 1 1
dev.helix.code/internal/notification/queue.go:56.37,57.33 1 1
dev.helix.code/internal/notification/queue.go:57.33,60.3 2 1
dev.helix.code/internal/notification/queue.go:61.2,61.69 1 1
dev.helix.code/internal/notification/queue.go:65.36,69.2 3 1
dev.helix.code/internal/notification/queue.go:72.106,76.48 3 1
dev.helix.code/internal/notification/queue.go:76.48,78.3 1 1
dev.helix.code/internal/notification/queue.go:80.2,95.12 6 1
dev.helix.code/internal/notification/queue.go:99.59,103.23 3 1
dev.helix.code/internal/notification/queue.go:103.23,105.3 1 1
dev.helix.code/internal/notification/queue.go:107.2,114.13 6 1
dev.helix.code/internal/notification/queue.go:118.40,122.2 3 1
dev.helix.code/internal/notification/queue.go:125.44,127.2 1 1
dev.helix.code/internal/notification/queue.go:130.37,134.2 3 1
dev.helix.code/internal/notification/queue.go:137.51,141.2 3 1
dev.helix.code/internal/notification/queue.go:144.42,148.2 3 1
dev.helix.code/internal/notification/queue.go:151.44,157.6 4 1
dev.helix.code/internal/notification/queue.go:157.6,158.10 1 1
dev.helix.code/internal/notification/queue.go:159.21,160.10 1 1
dev.helix.code/internal/notification/queue.go:161.19,162.21 1 1
dev.helix.code/internal/notification/queue.go:168.55,170.17 2 1
dev.helix.code/internal/notification/queue.go:170.17,172.3 1 1
dev.helix.code/internal/notification/queue.go:174.2,180.16 4 1
dev.helix.code/internal/notification/queue.go:180.16,185.38 2 0
dev.helix.code/internal/notification/queue.go:185.38,189.4 3 0
dev.helix.code/internal/notification/queue.go:189.9,194.4 4 0
dev.helix.code/internal/notification/queue.go:195.8,199.3 3 1
dev.helix.code/internal/notification/queue.go:203.67,210.2 5 1
dev.helix.code/internal/notification/ratelimit.go:20.73,27.2 1 1
dev.helix.code/internal/notification/ratelimit.go:30.36,36.18 4 1
dev.helix.code/internal/notification/ratelimit.go:36.18,39.3 2 1
dev.helix.code/internal/notification/ratelimit.go:41.2,41.14 1 1
dev.helix.code/internal/notification/ratelimit.go:45.55,46.6 1 1
dev.helix.code/internal/notification/ratelimit.go:46.6,47.16 1 1
dev.helix.code/internal/notification/ratelimit.go:47.16,49.4 1 1
dev.helix.code/internal/notification/ratelimit.go:52.3,52.10 1 1
dev.helix.code/internal/notification/ratelimit.go:53.21,54.20 1 1
dev.helix.code/internal/notification/ratelimit.go:55.45,55.45 0 1
dev.helix.code/internal/notification/ratelimit.go:62.32,66.25 3 1
dev.helix.code/internal/notification/ratelimit.go:66.25,69.3 2 1
dev.helix.code/internal/notification/ratelimit.go:73.48,78.2 4 1
dev.helix.code/internal/notification/ratelimit.go:81.31,86.2 4 1
dev.helix.code/internal/notification/ratelimit.go:104.99,110.2 1 1
dev.helix.code/internal/notification/ratelimit.go:113.90,119.48 4 1
dev.helix.code/internal/notification/ratelimit.go:119.48,124.3 4 1
dev.helix.code/internal/notification/ratelimit.go:126.2,130.42 4 1
dev.helix.code/internal/notification/ratelimit.go:134.47,136.2 1 1
dev.helix.code/internal/notification/ratelimit.go:139.47,141.2 1 1
dev.helix.code/internal/notification/ratelimit.go:144.65,149.2 4 1
dev.helix.code/internal/notification/ratelimit.go:152.56,156.2 3 1
dev.helix.code/internal/notification/ratelimit.go:159.43,163.2 3 1
dev.helix.code/internal/notification/ratelimit.go:175.61,176.55 1 1
dev.helix.code/internal/notification/ratelimit.go:176.55,179.3 1 1
dev.helix.code/internal/notification/ratelimit.go:181.2,181.42 1 1
dev.helix.code/internal/notification/retry.go:21.39,29.2 1 1
dev.helix.code/internal/notification/retry.go:47.93,53.2 1 1
dev.helix.code/internal/notification/retry.go:56.88,57.23 1 1
dev.helix.code/internal/notification/retry.go:57.23,59.3 1 0
dev.helix.code/internal/notification/retry.go:61.2,64.62 3 1
dev.helix.code/internal/notification/retry.go:64.62,69.17 3 1
dev.helix.code/internal/notification/retry.go:69.17,71.19 2 1
dev.helix.code/internal/notification/retry.go:71.19,74.5 1 0
dev.helix.code/internal/notification/retry.go:75.4,75.14 1 1
dev.helix.code/internal/notification/retry.go:78.3,81.37 2 0
dev.helix.code/internal/notification/retry.go:81.37,85.9 3 0
dev.helix.code/internal/notification/retry.go:88.3,95.10 3 0
dev.helix.code/internal/notification/retry.go:96.21,97.69 1 0
dev.helix.code/internal/notification/retry.go:98.30,98.30 0 0
dev.helix.code/internal/notification/retry.go:103.3,104.36 2 0
dev.helix.code/internal/notification/retry.go:104.36,106.4 1 0
dev.helix.code/internal/notification/retry.go:109.2,109.96 1 0
dev.helix.code/internal/notification/retry.go:113.119,116.15 3 0
dev.helix.code/internal/notification/retry.go:116.15,118.3 1 0
dev.helix.code/internal/notification/retry.go:120.2,120.34 1 0
dev.helix.code/internal/notification/retry.go:124.45,126.2 1 0
dev.helix.code/internal/notification/retry.go:129.45,131.2 1 0
dev.helix.code/internal/notification/retry.go:134.63,141.2 6 0
dev.helix.code/internal/notification/retry.go:144.50,146.2 1 1
dev.helix.code/internal/notification/retry.go:149.41,151.2 1 0
dev.helix.code/internal/notification/retry.go:154.67,155.18 1 0
dev.helix.code/internal/notification/retry.go:155.18,157.3 1 0
dev.helix.code/internal/notification/retry.go:159.2,160.37 2 0
dev.helix.code/internal/notification/retry.go:160.37,162.3 1 0
dev.helix.code/internal/notification/retry.go:164.2,164.31 1 0
dev.helix.code/internal/notification/retry.go:168.39,169.16 1 1
dev.helix.code/internal/notification/retry.go:169.16,171.3 1 1
dev.helix.code/internal/notification/retry.go:174.2,188.44 3 1
dev.helix.code/internal/notification/retry.go:188.44,189.38 1 1
dev.helix.code/internal/notification/retry.go:189.38,191.4 1 1
dev.helix.code/internal/notification/retry.go:194.2,194.14 1 1
dev.helix.code/internal/notification/retry.go:197.44,198.43 1 1
dev.helix.code/internal/notification/retry.go:198.43,199.35 1 1
dev.helix.code/internal/notification/retry.go:199.35,201.4 1 1
dev.helix.code/internal/notification/retry.go:203.2,203.14 1 1
dev.helix.code/internal/notification/webhook.go:21.79,22.20 1 0
dev.helix.code/internal/notification/webhook.go:22.20,24.3 1 0
dev.helix.code/internal/notification/webhook.go:26.2,32.3 1 0
dev.helix.code/internal/notification/webhook.go:35.86,36.16 1 0
dev.helix.code/internal/notification/webhook.go:36.16,38.3 1 0
dev.helix.code/internal/notification/webhook.go:40.2,49.16 3 0
dev.helix.code/internal/notification/webhook.go:49.16,51.3 1 0
dev.helix.code/internal/notification/webhook.go:53.2,54.16 2 0
dev.helix.code/internal/notification/webhook.go:54.16,56.3 1 0
dev.helix.code/internal/notification/webhook.go:58.2,59.36 2 0
dev.helix.code/internal/notification/webhook.go:59.36,61.3 1 0
dev.helix.code/internal/notification/webhook.go:63.2,64.16 2 0
dev.helix.code/internal/notification/webhook.go:64.16,66.3 1 0
dev.helix.code/internal/notification/webhook.go:67.2,69.53 2 0
dev.helix.code/internal/notification/webhook.go:69.53,71.3 1 0
dev.helix.code/internal/notification/webhook.go:73.2,73.12 1 0
dev.helix.code/internal/notification/webhook.go:76.43,78.2 1 0
dev.helix.code/internal/notification/webhook.go:80.43,82.2 1 0
dev.helix.code/internal/notification/webhook.go:84.61,90.2 1 0
dev.helix.code/internal/notification/webhook.go:100.52,106.2 1 0
dev.helix.code/internal/notification/webhook.go:108.84,109.16 1 0
dev.helix.code/internal/notification/webhook.go:109.16,111.3 1 0
dev.helix.code/internal/notification/webhook.go:114.2,124.16 3 0
dev.helix.code/internal/notification/webhook.go:124.16,126.3 1 0
dev.helix.code/internal/notification/webhook.go:128.2,129.16 2 0
dev.helix.code/internal/notification/webhook.go:129.16,131.3 1 0
dev.helix.code/internal/notification/webhook.go:132.2,134.38 2 0
dev.helix.code/internal/notification/webhook.go:134.38,136.3 1 0
dev.helix.code/internal/notification/webhook.go:138.2,138.12 1 0
dev.helix.code/internal/notification/webhook.go:141.41,143.2 1 0
dev.helix.code/internal/notification/webhook.go:145.41,147.2 1 0
dev.helix.code/internal/notification/webhook.go:149.59,153.2 1 0
dev.helix.code/internal/notification/webhook.go:155.75,156.19 1 0
dev.helix.code/internal/notification/webhook.go:157.31,158.18 1 0
dev.helix.code/internal/notification/webhook.go:159.31,160.18 1 0
dev.helix.code/internal/notification/webhook.go:161.52,162.18 1 0
dev.helix.code/internal/notification/webhook.go:163.10,164.18 1 0
