mode: set
dev.helix.code/internal/workflow/autonomy/action.go:101.83,109.2 1 1
dev.helix.code/internal/workflow/autonomy/action.go:112.58,115.2 2 1
dev.helix.code/internal/workflow/autonomy/action.go:118.70,119.23 1 1
dev.helix.code/internal/workflow/autonomy/action.go:119.23,121.3 1 1
dev.helix.code/internal/workflow/autonomy/action.go:122.2,123.10 2 1
dev.helix.code/internal/workflow/autonomy/action.go:127.33,129.2 1 1
dev.helix.code/internal/workflow/autonomy/action.go:132.45,133.22 1 1
dev.helix.code/internal/workflow/autonomy/action.go:133.22,135.3 1 1
dev.helix.code/internal/workflow/autonomy/action.go:136.2,136.50 1 1
dev.helix.code/internal/workflow/autonomy/action.go:140.39,144.2 1 1
dev.helix.code/internal/workflow/autonomy/config.go:39.33,71.2 1 1
dev.helix.code/internal/workflow/autonomy/config.go:82.41,89.2 1 1
dev.helix.code/internal/workflow/autonomy/config.go:101.53,109.2 1 1
dev.helix.code/internal/workflow/autonomy/config.go:112.35,113.30 1 1
dev.helix.code/internal/workflow/autonomy/config.go:113.30,115.3 1 1
dev.helix.code/internal/workflow/autonomy/config.go:117.2,117.25 1 1
dev.helix.code/internal/workflow/autonomy/config.go:117.25,119.3 1 1
dev.helix.code/internal/workflow/autonomy/config.go:121.2,121.22 1 1
dev.helix.code/internal/workflow/autonomy/config.go:121.22,123.3 1 0
dev.helix.code/internal/workflow/autonomy/config.go:125.2,125.29 1 1
dev.helix.code/internal/workflow/autonomy/config.go:125.29,127.3 1 0
dev.helix.code/internal/workflow/autonomy/config.go:129.2,129.22 1 1
dev.helix.code/internal/workflow/autonomy/config.go:129.22,131.3 1 0
dev.helix.code/internal/workflow/autonomy/config.go:133.2,133.12 1 1
dev.helix.code/internal/workflow/autonomy/config.go:137.34,140.2 2 1
dev.helix.code/internal/workflow/autonomy/controller.go:23.73,24.19 1 1
dev.helix.code/internal/workflow/autonomy/controller.go:24.19,26.3 1 0
dev.helix.code/internal/workflow/autonomy/controller.go:28.2,28.42 1 1
dev.helix.code/internal/workflow/autonomy/controller.go:28.42,30.3 1 0
dev.helix.code/internal/workflow/autonomy/controller.go:33.2,40.16 3 1
dev.helix.code/internal/workflow/autonomy/controller.go:40.16,42.3 1 0
dev.helix.code/internal/workflow/autonomy/controller.go:45.2,45.34 1 1
dev.helix.code/internal/workflow/autonomy/controller.go:45.34,47.3 1 1
dev.helix.code/internal/workflow/autonomy/controller.go:50.2,51.29 2 1
dev.helix.code/internal/workflow/autonomy/controller.go:51.29,53.3 1 1
dev.helix.code/internal/workflow/autonomy/controller.go:56.2,61.25 4 1
dev.helix.code/internal/workflow/autonomy/controller.go:61.25,63.3 1 1
dev.helix.code/internal/workflow/autonomy/controller.go:66.2,86.8 4 1
dev.helix.code/internal/workflow/autonomy/controller.go:90.60,94.2 3 1
dev.helix.code/internal/workflow/autonomy/controller.go:97.66,101.2 3 0
dev.helix.code/internal/workflow/autonomy/controller.go:104.84,106.2 1 1
dev.helix.code/internal/workflow/autonomy/controller.go:109.109,113.31 3 1
dev.helix.code/internal/workflow/autonomy/controller.go:113.31,115.3 1 0
dev.helix.code/internal/workflow/autonomy/controller.go:117.2,119.65 2 1
dev.helix.code/internal/workflow/autonomy/controller.go:119.65,121.3 1 0
dev.helix.code/internal/workflow/autonomy/controller.go:124.2,132.12 5 1
dev.helix.code/internal/workflow/autonomy/controller.go:136.106,146.2 5 1
dev.helix.code/internal/workflow/autonomy/controller.go:149.104,155.43 4 1
dev.helix.code/internal/workflow/autonomy/controller.go:155.43,157.3 1 0
dev.helix.code/internal/workflow/autonomy/controller.go:159.2,159.40 1 1
dev.helix.code/internal/workflow/autonomy/controller.go:163.114,171.21 5 0
dev.helix.code/internal/workflow/autonomy/controller.go:172.16,173.25 1 0
dev.helix.code/internal/workflow/autonomy/controller.go:174.17,175.29 1 0
dev.helix.code/internal/workflow/autonomy/controller.go:176.21,177.28 1 0
dev.helix.code/internal/workflow/autonomy/controller.go:178.20,179.28 1 0
dev.helix.code/internal/workflow/autonomy/controller.go:180.20,181.29 1 0
dev.helix.code/internal/workflow/autonomy/controller.go:182.10,183.24 1 0
dev.helix.code/internal/workflow/autonomy/controller.go:186.2,187.16 2 0
dev.helix.code/internal/workflow/autonomy/controller.go:187.16,189.3 1 0
dev.helix.code/internal/workflow/autonomy/controller.go:192.2,200.12 5 0
dev.helix.code/internal/workflow/autonomy/controller.go:204.141,209.16 4 0
dev.helix.code/internal/workflow/autonomy/controller.go:209.16,211.3 1 0
dev.helix.code/internal/workflow/autonomy/controller.go:214.2,222.12 5 0
dev.helix.code/internal/workflow/autonomy/controller.go:226.68,230.54 3 0
dev.helix.code/internal/workflow/autonomy/controller.go:230.54,232.3 1 0
dev.helix.code/internal/workflow/autonomy/controller.go:235.2,241.12 5 0
dev.helix.code/internal/workflow/autonomy/controller.go:245.82,248.23 2 0
dev.helix.code/internal/workflow/autonomy/controller.go:248.23,250.3 1 0
dev.helix.code/internal/workflow/autonomy/controller.go:252.2,252.42 1 0
dev.helix.code/internal/workflow/autonomy/controller.go:256.89,259.44 2 0
dev.helix.code/internal/workflow/autonomy/controller.go:259.45,262.3 0 0
dev.helix.code/internal/workflow/autonomy/controller.go:264.2,264.44 1 0
dev.helix.code/internal/workflow/autonomy/controller.go:268.101,271.23 2 0
dev.helix.code/internal/workflow/autonomy/controller.go:271.23,273.3 1 0
dev.helix.code/internal/workflow/autonomy/controller.go:275.2,275.44 1 0
dev.helix.code/internal/workflow/autonomy/controller.go:279.52,281.2 1 1
dev.helix.code/internal/workflow/autonomy/controller.go:284.60,286.2 1 0
dev.helix.code/internal/workflow/autonomy/controller.go:289.67,291.2 1 0
dev.helix.code/internal/workflow/autonomy/controller.go:294.67,295.25 1 0
dev.helix.code/internal/workflow/autonomy/controller.go:295.25,297.3 1 0
dev.helix.code/internal/workflow/autonomy/controller.go:298.2,298.37 1 0
dev.helix.code/internal/workflow/autonomy/controller.go:302.67,303.25 1 0
dev.helix.code/internal/workflow/autonomy/controller.go:303.25,305.3 1 0
dev.helix.code/internal/workflow/autonomy/controller.go:309.64,310.25 1 0
dev.helix.code/internal/workflow/autonomy/controller.go:310.25,312.3 1 0
dev.helix.code/internal/workflow/autonomy/controller.go:316.63,317.25 1 0
dev.helix.code/internal/workflow/autonomy/controller.go:317.25,319.3 1 0
dev.helix.code/internal/workflow/autonomy/controller.go:323.50,327.2 3 0
dev.helix.code/internal/workflow/autonomy/controller.go:330.65,331.42 1 0
dev.helix.code/internal/workflow/autonomy/controller.go:331.42,333.3 1 0
dev.helix.code/internal/workflow/autonomy/controller.go:335.2,341.25 4 0
dev.helix.code/internal/workflow/autonomy/controller.go:341.25,343.3 1 0
dev.helix.code/internal/workflow/autonomy/controller.go:345.2,345.12 1 0
dev.helix.code/internal/workflow/autonomy/controller.go:349.66,354.52 3 0
dev.helix.code/internal/workflow/autonomy/controller.go:354.52,356.3 1 0
dev.helix.code/internal/workflow/autonomy/controller.go:359.2,359.54 1 0
dev.helix.code/internal/workflow/autonomy/controller.go:359.54,361.3 1 0
dev.helix.code/internal/workflow/autonomy/controller.go:363.2,363.12 1 0
dev.helix.code/internal/workflow/autonomy/errors.go:40.40,41.21 1 0
dev.helix.code/internal/workflow/autonomy/errors.go:41.21,44.3 1 0
dev.helix.code/internal/workflow/autonomy/errors.go:45.2,46.33 1 0
dev.helix.code/internal/workflow/autonomy/errors.go:49.40,51.2 1 0
dev.helix.code/internal/workflow/autonomy/errors.go:54.94,62.2 1 0
dev.helix.code/internal/workflow/autonomy/errors.go:65.67,68.2 2 0
dev.helix.code/internal/workflow/autonomy/errors.go:71.66,74.2 2 0
dev.helix.code/internal/workflow/autonomy/escalation.go:34.96,35.19 1 1
dev.helix.code/internal/workflow/autonomy/escalation.go:35.19,37.3 1 0
dev.helix.code/internal/workflow/autonomy/escalation.go:39.2,43.3 1 1
dev.helix.code/internal/workflow/autonomy/escalation.go:47.142,51.31 3 0
dev.helix.code/internal/workflow/autonomy/escalation.go:51.31,53.3 1 0
dev.helix.code/internal/workflow/autonomy/escalation.go:55.2,55.27 1 0
dev.helix.code/internal/workflow/autonomy/escalation.go:55.27,57.3 1 0
dev.helix.code/internal/workflow/autonomy/escalation.go:59.2,62.47 2 0
dev.helix.code/internal/workflow/autonomy/escalation.go:62.47,65.3 1 0
dev.helix.code/internal/workflow/autonomy/escalation.go:68.2,68.44 1 0
dev.helix.code/internal/workflow/autonomy/escalation.go:68.44,70.3 1 0
dev.helix.code/internal/workflow/autonomy/escalation.go:73.2,73.37 1 0
dev.helix.code/internal/workflow/autonomy/escalation.go:73.37,75.3 1 0
dev.helix.code/internal/workflow/autonomy/escalation.go:76.2,76.19 1 0
dev.helix.code/internal/workflow/autonomy/escalation.go:76.19,78.3 1 0
dev.helix.code/internal/workflow/autonomy/escalation.go:81.2,97.93 3 0
dev.helix.code/internal/workflow/autonomy/escalation.go:97.93,100.3 2 0
dev.helix.code/internal/workflow/autonomy/escalation.go:102.2,107.25 4 0
dev.helix.code/internal/workflow/autonomy/escalation.go:107.25,109.3 1 0
dev.helix.code/internal/workflow/autonomy/escalation.go:111.2,111.24 1 0
dev.helix.code/internal/workflow/autonomy/escalation.go:115.84,120.13 4 0
dev.helix.code/internal/workflow/autonomy/escalation.go:120.13,122.3 1 0
dev.helix.code/internal/workflow/autonomy/escalation.go:124.2,124.23 1 0
dev.helix.code/internal/workflow/autonomy/escalation.go:124.23,126.3 1 0
dev.helix.code/internal/workflow/autonomy/escalation.go:129.2,129.93 1 0
dev.helix.code/internal/workflow/autonomy/escalation.go:129.93,131.3 1 0
dev.helix.code/internal/workflow/autonomy/escalation.go:133.2,138.25 4 0
dev.helix.code/internal/workflow/autonomy/escalation.go:138.25,140.3 1 0
dev.helix.code/internal/workflow/autonomy/escalation.go:142.2,142.12 1 0
dev.helix.code/internal/workflow/autonomy/escalation.go:146.96,151.13 4 0
dev.helix.code/internal/workflow/autonomy/escalation.go:151.13,153.3 1 0
dev.helix.code/internal/workflow/autonomy/escalation.go:155.2,155.23 1 0
dev.helix.code/internal/workflow/autonomy/escalation.go:155.23,157.3 1 0
dev.helix.code/internal/workflow/autonomy/escalation.go:160.2,162.12 2 0
dev.helix.code/internal/workflow/autonomy/escalation.go:166.83,171.13 4 0
dev.helix.code/internal/workflow/autonomy/escalation.go:171.13,173.3 1 0
dev.helix.code/internal/workflow/autonomy/escalation.go:175.2,175.24 1 0
dev.helix.code/internal/workflow/autonomy/escalation.go:175.24,177.3 1 0
dev.helix.code/internal/workflow/autonomy/escalation.go:180.2,180.54 1 0
dev.helix.code/internal/workflow/autonomy/escalation.go:180.54,182.3 1 0
dev.helix.code/internal/workflow/autonomy/escalation.go:184.2,189.12 3 0
dev.helix.code/internal/workflow/autonomy/escalation.go:193.68,200.44 5 0
dev.helix.code/internal/workflow/autonomy/escalation.go:200.44,201.59 1 0
dev.helix.code/internal/workflow/autonomy/escalation.go:201.59,203.4 1 0
dev.helix.code/internal/workflow/autonomy/escalation.go:207.2,207.32 1 0
dev.helix.code/internal/workflow/autonomy/escalation.go:207.32,209.55 2 0
dev.helix.code/internal/workflow/autonomy/escalation.go:209.55,211.4 1 0
dev.helix.code/internal/workflow/autonomy/escalation.go:213.3,216.30 3 0
dev.helix.code/internal/workflow/autonomy/escalation.go:216.30,219.4 1 0
dev.helix.code/internal/workflow/autonomy/escalation.go:222.2,222.12 1 0
dev.helix.code/internal/workflow/autonomy/escalation.go:226.54,231.43 4 0
dev.helix.code/internal/workflow/autonomy/escalation.go:231.43,232.24 1 0
dev.helix.code/internal/workflow/autonomy/escalation.go:232.24,234.4 1 0
dev.helix.code/internal/workflow/autonomy/escalation.go:237.2,237.15 1 0
dev.helix.code/internal/workflow/autonomy/escalation.go:241.84,246.13 4 0
dev.helix.code/internal/workflow/autonomy/escalation.go:246.13,248.3 1 0
dev.helix.code/internal/workflow/autonomy/escalation.go:250.2,250.24 1 0
dev.helix.code/internal/workflow/autonomy/escalation.go:254.51,259.43 4 0
dev.helix.code/internal/workflow/autonomy/escalation.go:259.43,261.3 1 0
dev.helix.code/internal/workflow/autonomy/escalation.go:263.2,263.12 1 0
dev.helix.code/internal/workflow/autonomy/escalation.go:267.109,271.9 3 0
dev.helix.code/internal/workflow/autonomy/escalation.go:272.17,273.53 1 0
dev.helix.code/internal/workflow/autonomy/escalation.go:273.53,276.4 1 0
dev.helix.code/internal/workflow/autonomy/escalation.go:277.20,278.9 1 0
dev.helix.code/internal/workflow/autonomy/escalation.go:283.54,284.17 1 0
dev.helix.code/internal/workflow/autonomy/escalation.go:284.17,286.3 1 0
dev.helix.code/internal/workflow/autonomy/escalation.go:288.2,289.19 2 0
dev.helix.code/internal/workflow/autonomy/escalation.go:289.19,291.3 1 0
dev.helix.code/internal/workflow/autonomy/escalation.go:293.2,293.18 1 0
dev.helix.code/internal/workflow/autonomy/escalation.go:297.41,299.2 1 0
dev.helix.code/internal/workflow/autonomy/escalation.go:302.40,304.16 2 0
dev.helix.code/internal/workflow/autonomy/escalation.go:304.16,306.3 1 0
dev.helix.code/internal/workflow/autonomy/escalation.go:308.2,309.54 1 0
dev.helix.code/internal/workflow/autonomy/executor.go:25.72,34.2 1 1
dev.helix.code/internal/workflow/autonomy/executor.go:37.94,42.16 3 1
dev.helix.code/internal/workflow/autonomy/executor.go:42.16,49.3 1 0
dev.helix.code/internal/workflow/autonomy/executor.go:51.2,51.19 1 1
dev.helix.code/internal/workflow/autonomy/executor.go:51.19,58.3 1 0
dev.helix.code/internal/workflow/autonomy/executor.go:61.2,61.26 1 1
dev.helix.code/internal/workflow/autonomy/executor.go:61.26,63.31 2 0
dev.helix.code/internal/workflow/autonomy/executor.go:63.31,71.4 1 0
dev.helix.code/internal/workflow/autonomy/executor.go:75.2,81.29 4 1
dev.helix.code/internal/workflow/autonomy/executor.go:85.119,89.53 3 0
dev.helix.code/internal/workflow/autonomy/executor.go:89.53,91.35 2 0
dev.helix.code/internal/workflow/autonomy/executor.go:91.35,94.4 2 0
dev.helix.code/internal/workflow/autonomy/executor.go:96.3,100.65 3 0
dev.helix.code/internal/workflow/autonomy/executor.go:100.65,101.9 1 0
dev.helix.code/internal/workflow/autonomy/executor.go:105.3,105.27 1 0
dev.helix.code/internal/workflow/autonomy/executor.go:105.27,106.11 1 0
dev.helix.code/internal/workflow/autonomy/executor.go:107.43,107.43 0 0
dev.helix.code/internal/workflow/autonomy/executor.go:108.22,109.33 1 0
dev.helix.code/internal/workflow/autonomy/executor.go:114.2,114.23 1 0
dev.helix.code/internal/workflow/autonomy/executor.go:114.23,116.3 1 0
dev.helix.code/internal/workflow/autonomy/executor.go:118.2,118.69 1 0
dev.helix.code/internal/workflow/autonomy/executor.go:122.71,124.33 2 0
dev.helix.code/internal/workflow/autonomy/executor.go:124.33,126.3 1 0
dev.helix.code/internal/workflow/autonomy/executor.go:128.2,128.30 1 0
dev.helix.code/internal/workflow/autonomy/executor.go:132.91,143.21 2 1
dev.helix.code/internal/workflow/autonomy/executor.go:144.25,145.48 1 1
dev.helix.code/internal/workflow/autonomy/executor.go:147.25,148.69 1 0
dev.helix.code/internal/workflow/autonomy/executor.go:148.69,150.4 1 0
dev.helix.code/internal/workflow/autonomy/executor.go:152.24,153.65 1 0
dev.helix.code/internal/workflow/autonomy/executor.go:153.65,155.4 1 0
dev.helix.code/internal/workflow/autonomy/executor.go:157.24,158.41 1 0
dev.helix.code/internal/workflow/autonomy/executor.go:160.10,161.66 1 0
dev.helix.code/internal/workflow/autonomy/executor.go:164.2,164.15 1 1
dev.helix.code/internal/workflow/autonomy/executor.go:168.78,172.16 3 0
dev.helix.code/internal/workflow/autonomy/executor.go:172.16,174.3 1 0
dev.helix.code/internal/workflow/autonomy/executor.go:176.2,176.21 1 0
dev.helix.code/internal/workflow/autonomy/executor.go:176.21,178.3 1 0
dev.helix.code/internal/workflow/autonomy/executor.go:180.2,180.12 1 0
dev.helix.code/internal/workflow/autonomy/executor.go:184.85,192.16 4 0
dev.helix.code/internal/workflow/autonomy/executor.go:192.16,194.3 1 0
dev.helix.code/internal/workflow/autonomy/executor.go:196.2,196.21 1 0
dev.helix.code/internal/workflow/autonomy/executor.go:196.21,198.3 1 0
dev.helix.code/internal/workflow/autonomy/executor.go:200.2,200.12 1 0
dev.helix.code/internal/workflow/autonomy/executor.go:204.97,207.28 2 0
dev.helix.code/internal/workflow/autonomy/executor.go:207.28,209.3 1 0
dev.helix.code/internal/workflow/autonomy/executor.go:211.2,216.31 3 0
dev.helix.code/internal/workflow/autonomy/executor.go:220.48,222.2 1 0
dev.helix.code/internal/workflow/autonomy/executor.go:225.41,227.36 2 0
dev.helix.code/internal/workflow/autonomy/executor.go:227.36,228.64 1 0
dev.helix.code/internal/workflow/autonomy/executor.go:228.64,230.4 1 0
dev.helix.code/internal/workflow/autonomy/executor.go:232.2,232.14 1 0
dev.helix.code/internal/workflow/autonomy/executor.go:236.78,242.2 4 1
dev.helix.code/internal/workflow/autonomy/guardrails.go:45.48,54.41 2 1
dev.helix.code/internal/workflow/autonomy/guardrails.go:54.41,56.3 1 1
dev.helix.code/internal/workflow/autonomy/guardrails.go:58.2,58.11 1 1
dev.helix.code/internal/workflow/autonomy/guardrails.go:62.96,69.31 5 1
dev.helix.code/internal/workflow/autonomy/guardrails.go:69.31,70.20 1 1
dev.helix.code/internal/workflow/autonomy/guardrails.go:70.20,71.12 1 1
dev.helix.code/internal/workflow/autonomy/guardrails.go:74.3,75.14 2 1
dev.helix.code/internal/workflow/autonomy/guardrails.go:75.14,88.4 3 1
dev.helix.code/internal/workflow/autonomy/guardrails.go:91.2,91.36 1 1
dev.helix.code/internal/workflow/autonomy/guardrails.go:95.57,99.2 3 1
dev.helix.code/internal/workflow/autonomy/guardrails.go:102.54,106.25 3 1
dev.helix.code/internal/workflow/autonomy/guardrails.go:106.25,107.30 1 1
dev.helix.code/internal/workflow/autonomy/guardrails.go:107.30,109.9 2 1
dev.helix.code/internal/workflow/autonomy/guardrails.go:115.53,119.25 3 0
dev.helix.code/internal/workflow/autonomy/guardrails.go:119.25,120.30 1 0
dev.helix.code/internal/workflow/autonomy/guardrails.go:120.30,122.9 2 0
dev.helix.code/internal/workflow/autonomy/guardrails.go:128.57,130.2 1 0
dev.helix.code/internal/workflow/autonomy/guardrails.go:133.56,140.2 5 0
dev.helix.code/internal/workflow/autonomy/guardrails.go:144.49,150.30 4 1
dev.helix.code/internal/workflow/autonomy/guardrails.go:150.30,152.3 1 0
dev.helix.code/internal/workflow/autonomy/guardrails.go:155.50,162.2 5 0
dev.helix.code/internal/workflow/autonomy/guardrails.go:171.67,172.39 1 1
dev.helix.code/internal/workflow/autonomy/guardrails.go:172.39,174.5 1 1
dev.helix.code/internal/workflow/autonomy/guardrails.go:176.4,176.29 1 0
dev.helix.code/internal/workflow/autonomy/guardrails.go:176.29,178.5 1 0
dev.helix.code/internal/workflow/autonomy/guardrails.go:181.4,187.54 2 0
dev.helix.code/internal/workflow/autonomy/guardrails.go:187.54,189.41 2 0
dev.helix.code/internal/workflow/autonomy/guardrails.go:189.41,190.45 1 0
dev.helix.code/internal/workflow/autonomy/guardrails.go:190.45,192.7 1 0
dev.helix.code/internal/workflow/autonomy/guardrails.go:196.4,196.19 1 0
dev.helix.code/internal/workflow/autonomy/guardrails.go:204.67,205.37 1 1
dev.helix.code/internal/workflow/autonomy/guardrails.go:205.37,207.5 1 1
dev.helix.code/internal/workflow/autonomy/guardrails.go:209.4,209.29 1 1
dev.helix.code/internal/workflow/autonomy/guardrails.go:209.29,211.5 1 0
dev.helix.code/internal/workflow/autonomy/guardrails.go:213.4,214.57 2 1
dev.helix.code/internal/workflow/autonomy/guardrails.go:214.57,217.5 1 1
dev.helix.code/internal/workflow/autonomy/guardrails.go:219.4,219.19 1 0
dev.helix.code/internal/workflow/autonomy/guardrails.go:227.67,228.39 1 1
dev.helix.code/internal/workflow/autonomy/guardrails.go:228.39,230.5 1 1
dev.helix.code/internal/workflow/autonomy/guardrails.go:232.4,232.66 1 1
dev.helix.code/internal/workflow/autonomy/guardrails.go:232.66,234.5 1 0
dev.helix.code/internal/workflow/autonomy/guardrails.go:237.4,247.38 3 1
dev.helix.code/internal/workflow/autonomy/guardrails.go:247.38,248.39 1 1
dev.helix.code/internal/workflow/autonomy/guardrails.go:248.39,250.6 1 1
dev.helix.code/internal/workflow/autonomy/guardrails.go:253.4,253.19 1 1
dev.helix.code/internal/workflow/autonomy/guardrails.go:261.67,262.40 1 1
dev.helix.code/internal/workflow/autonomy/guardrails.go:262.40,264.5 1 1
dev.helix.code/internal/workflow/autonomy/guardrails.go:267.4,267.30 1 0
dev.helix.code/internal/workflow/autonomy/guardrails.go:267.30,268.83 1 0
dev.helix.code/internal/workflow/autonomy/guardrails.go:268.83,270.6 1 0
dev.helix.code/internal/workflow/autonomy/guardrails.go:273.4,273.64 1 0
dev.helix.code/internal/workflow/autonomy/guardrails.go:281.67,282.40 1 1
dev.helix.code/internal/workflow/autonomy/guardrails.go:282.40,284.5 1 1
dev.helix.code/internal/workflow/autonomy/guardrails.go:286.4,286.29 1 1
dev.helix.code/internal/workflow/autonomy/guardrails.go:286.29,288.5 1 0
dev.helix.code/internal/workflow/autonomy/guardrails.go:290.4,290.87 1 1
dev.helix.code/internal/workflow/autonomy/guardrails.go:290.87,292.5 1 0
dev.helix.code/internal/workflow/autonomy/guardrails.go:294.4,294.19 1 1
dev.helix.code/internal/workflow/autonomy/guardrails.go:302.67,303.38 1 1
dev.helix.code/internal/workflow/autonomy/guardrails.go:303.38,305.5 1 1
dev.helix.code/internal/workflow/autonomy/guardrails.go:307.4,307.29 1 1
dev.helix.code/internal/workflow/autonomy/guardrails.go:307.29,309.5 1 0
dev.helix.code/internal/workflow/autonomy/guardrails.go:311.4,312.53 2 1
dev.helix.code/internal/workflow/autonomy/guardrails.go:312.53,315.5 1 0
dev.helix.code/internal/workflow/autonomy/guardrails.go:317.4,317.19 1 1
dev.helix.code/internal/workflow/autonomy/guardrails.go:325.67,333.46 3 1
dev.helix.code/internal/workflow/autonomy/guardrails.go:333.46,334.40 1 1
dev.helix.code/internal/workflow/autonomy/guardrails.go:334.40,336.32 1 0
dev.helix.code/internal/workflow/autonomy/guardrails.go:336.32,337.76 1 0
dev.helix.code/internal/workflow/autonomy/guardrails.go:337.76,339.8 1 0
dev.helix.code/internal/workflow/autonomy/guardrails.go:341.6,341.77 1 0
dev.helix.code/internal/workflow/autonomy/guardrails.go:345.4,345.19 1 1
dev.helix.code/internal/workflow/autonomy/manager.go:47.63,48.19 1 1
dev.helix.code/internal/workflow/autonomy/manager.go:48.19,50.3 1 0
dev.helix.code/internal/workflow/autonomy/manager.go:52.2,61.30 2 1
dev.helix.code/internal/workflow/autonomy/manager.go:61.30,62.52 1 0
dev.helix.code/internal/workflow/autonomy/manager.go:62.52,65.4 2 0
dev.helix.code/internal/workflow/autonomy/manager.go:68.2,68.15 1 1
dev.helix.code/internal/workflow/autonomy/manager.go:72.46,76.2 3 1
dev.helix.code/internal/workflow/autonomy/manager.go:79.92,83.21 3 1
dev.helix.code/internal/workflow/autonomy/manager.go:83.21,85.3 1 0
dev.helix.code/internal/workflow/autonomy/manager.go:88.2,88.60 1 1
dev.helix.code/internal/workflow/autonomy/manager.go:88.60,90.3 1 0
dev.helix.code/internal/workflow/autonomy/manager.go:93.2,93.70 1 1
dev.helix.code/internal/workflow/autonomy/manager.go:93.70,95.3 1 0
dev.helix.code/internal/workflow/autonomy/manager.go:98.2,109.27 4 1
dev.helix.code/internal/workflow/autonomy/manager.go:109.27,111.3 1 1
dev.helix.code/internal/workflow/autonomy/manager.go:114.2,114.32 1 1
dev.helix.code/internal/workflow/autonomy/manager.go:114.32,115.44 1 0
dev.helix.code/internal/workflow/autonomy/manager.go:115.44,118.4 1 0
dev.helix.code/internal/workflow/autonomy/manager.go:121.2,121.12 1 1
dev.helix.code/internal/workflow/autonomy/manager.go:125.107,129.21 3 1
dev.helix.code/internal/workflow/autonomy/manager.go:129.21,131.3 1 0
dev.helix.code/internal/workflow/autonomy/manager.go:134.2,146.27 5 1
dev.helix.code/internal/workflow/autonomy/manager.go:146.27,148.3 1 1
dev.helix.code/internal/workflow/autonomy/manager.go:151.2,151.12 1 1
dev.helix.code/internal/workflow/autonomy/manager.go:151.12,155.10 3 1
dev.helix.code/internal/workflow/autonomy/manager.go:156.18,157.25 1 1
dev.helix.code/internal/workflow/autonomy/manager.go:158.21,159.10 1 0
dev.helix.code/internal/workflow/autonomy/manager.go:163.2,163.12 1 1
dev.helix.code/internal/workflow/autonomy/manager.go:167.61,171.26 3 1
dev.helix.code/internal/workflow/autonomy/manager.go:171.26,173.3 1 0
dev.helix.code/internal/workflow/autonomy/manager.go:176.2,187.27 4 1
dev.helix.code/internal/workflow/autonomy/manager.go:187.27,189.3 1 1
dev.helix.code/internal/workflow/autonomy/manager.go:191.2,191.12 1 1
dev.helix.code/internal/workflow/autonomy/manager.go:195.59,199.32 3 0
dev.helix.code/internal/workflow/autonomy/manager.go:199.32,201.3 1 0
dev.helix.code/internal/workflow/autonomy/manager.go:203.2,203.27 1 0
dev.helix.code/internal/workflow/autonomy/manager.go:207.75,211.32 3 0
dev.helix.code/internal/workflow/autonomy/manager.go:211.32,213.3 1 0
dev.helix.code/internal/workflow/autonomy/manager.go:215.2,216.16 2 0
dev.helix.code/internal/workflow/autonomy/manager.go:216.16,218.3 1 0
dev.helix.code/internal/workflow/autonomy/manager.go:220.2,223.18 3 0
dev.helix.code/internal/workflow/autonomy/manager.go:227.49,238.2 5 1
dev.helix.code/internal/workflow/autonomy/manager.go:241.59,245.2 3 1
dev.helix.code/internal/workflow/autonomy/manager.go:248.46,255.16 3 0
dev.helix.code/internal/workflow/autonomy/manager.go:255.16,257.3 1 0
dev.helix.code/internal/workflow/autonomy/manager.go:260.2,261.47 2 0
dev.helix.code/internal/workflow/autonomy/manager.go:261.47,263.3 1 0
dev.helix.code/internal/workflow/autonomy/manager.go:266.2,267.58 2 0
dev.helix.code/internal/workflow/autonomy/manager.go:267.58,269.3 1 0
dev.helix.code/internal/workflow/autonomy/manager.go:272.2,272.65 1 0
dev.helix.code/internal/workflow/autonomy/manager.go:272.65,275.3 2 0
dev.helix.code/internal/workflow/autonomy/manager.go:277.2,277.12 1 0
dev.helix.code/internal/workflow/autonomy/manager.go:281.64,283.16 2 0
dev.helix.code/internal/workflow/autonomy/manager.go:283.16,284.25 1 0
dev.helix.code/internal/workflow/autonomy/manager.go:284.25,286.4 1 0
dev.helix.code/internal/workflow/autonomy/manager.go:287.3,287.61 1 0
dev.helix.code/internal/workflow/autonomy/manager.go:290.2,291.57 2 0
dev.helix.code/internal/workflow/autonomy/manager.go:291.57,293.3 1 0
dev.helix.code/internal/workflow/autonomy/manager.go:295.2,295.31 1 0
dev.helix.code/internal/workflow/autonomy/manager.go:295.31,297.3 1 0
dev.helix.code/internal/workflow/autonomy/manager.go:299.2,299.28 1 0
dev.helix.code/internal/workflow/autonomy/manager.go:303.38,307.2 3 0
dev.helix.code/internal/workflow/autonomy/metrics.go:26.28,28.2 1 1
dev.helix.code/internal/workflow/autonomy/metrics.go:31.79,33.13 2 1
dev.helix.code/internal/workflow/autonomy/metrics.go:33.13,35.3 1 1
dev.helix.code/internal/workflow/autonomy/metrics.go:35.8,37.3 1 1
dev.helix.code/internal/workflow/autonomy/metrics.go:40.2,42.34 3 1
dev.helix.code/internal/workflow/autonomy/metrics.go:46.57,49.20 2 1
dev.helix.code/internal/workflow/autonomy/metrics.go:49.20,50.23 1 1
dev.helix.code/internal/workflow/autonomy/metrics.go:50.23,52.4 1 0
dev.helix.code/internal/workflow/autonomy/metrics.go:53.8,55.24 2 0
dev.helix.code/internal/workflow/autonomy/metrics.go:55.24,57.4 1 0
dev.helix.code/internal/workflow/autonomy/metrics.go:60.2,60.24 1 1
dev.helix.code/internal/workflow/autonomy/metrics.go:60.24,62.3 1 1
dev.helix.code/internal/workflow/autonomy/metrics.go:64.2,64.22 1 1
dev.helix.code/internal/workflow/autonomy/metrics.go:64.22,66.3 1 0
dev.helix.code/internal/workflow/autonomy/metrics.go:69.2,71.36 3 1
dev.helix.code/internal/workflow/autonomy/metrics.go:75.38,77.2 1 1
dev.helix.code/internal/workflow/autonomy/metrics.go:80.38,82.2 1 0
dev.helix.code/internal/workflow/autonomy/metrics.go:85.43,100.2 1 1
dev.helix.code/internal/workflow/autonomy/metrics.go:119.45,120.28 1 1
dev.helix.code/internal/workflow/autonomy/metrics.go:120.28,122.3 1 0
dev.helix.code/internal/workflow/autonomy/metrics.go:123.2,124.57 2 1
dev.helix.code/internal/workflow/autonomy/metrics.go:128.50,130.20 2 0
dev.helix.code/internal/workflow/autonomy/metrics.go:130.20,132.3 1 0
dev.helix.code/internal/workflow/autonomy/metrics.go:133.2,133.57 1 0
dev.helix.code/internal/workflow/autonomy/metrics.go:137.46,138.29 1 1
dev.helix.code/internal/workflow/autonomy/metrics.go:138.29,140.3 1 0
dev.helix.code/internal/workflow/autonomy/metrics.go:141.2,141.68 1 1
dev.helix.code/internal/workflow/autonomy/metrics.go:145.27,158.2 12 0
dev.helix.code/internal/workflow/autonomy/modes.go:46.59,47.14 1 1
dev.helix.code/internal/workflow/autonomy/modes.go:48.16,60.4 1 1
dev.helix.code/internal/workflow/autonomy/modes.go:62.17,74.4 1 1
dev.helix.code/internal/workflow/autonomy/modes.go:76.21,88.4 1 1
dev.helix.code/internal/workflow/autonomy/modes.go:90.20,102.4 1 1
dev.helix.code/internal/workflow/autonomy/modes.go:104.20,116.4 1 1
dev.helix.code/internal/workflow/autonomy/modes.go:118.10,119.36 1 0
dev.helix.code/internal/workflow/autonomy/modes.go:124.38,125.11 1 1
dev.helix.code/internal/workflow/autonomy/modes.go:126.70,127.14 1 1
dev.helix.code/internal/workflow/autonomy/modes.go:128.10,129.15 1 1
dev.helix.code/internal/workflow/autonomy/modes.go:134.35,135.11 1 1
dev.helix.code/internal/workflow/autonomy/modes.go:136.16,137.11 1 1
dev.helix.code/internal/workflow/autonomy/modes.go:138.17,139.11 1 1
dev.helix.code/internal/workflow/autonomy/modes.go:140.21,141.11 1 1
dev.helix.code/internal/workflow/autonomy/modes.go:142.20,143.11 1 1
dev.helix.code/internal/workflow/autonomy/modes.go:144.20,145.11 1 1
dev.helix.code/internal/workflow/autonomy/modes.go:146.10,147.11 1 0
dev.helix.code/internal/workflow/autonomy/modes.go:152.39,153.11 1 1
dev.helix.code/internal/workflow/autonomy/modes.go:154.16,155.33 1 0
dev.helix.code/internal/workflow/autonomy/modes.go:156.17,157.32 1 1
dev.helix.code/internal/workflow/autonomy/modes.go:158.21,159.46 1 0
dev.helix.code/internal/workflow/autonomy/modes.go:160.20,161.47 1 1
dev.helix.code/internal/workflow/autonomy/modes.go:162.20,163.40 1 0
dev.helix.code/internal/workflow/autonomy/modes.go:164.10,165.19 1 0
dev.helix.code/internal/workflow/autonomy/modes.go:170.66,171.18 1 1
dev.helix.code/internal/workflow/autonomy/modes.go:171.18,173.3 1 0
dev.helix.code/internal/workflow/autonomy/modes.go:174.2,174.23 1 1
dev.helix.code/internal/workflow/autonomy/modes.go:174.23,176.3 1 0
dev.helix.code/internal/workflow/autonomy/modes.go:178.2,178.12 1 1
dev.helix.code/internal/workflow/autonomy/modes.go:183.55,187.25 3 1
dev.helix.code/internal/workflow/autonomy/modes.go:187.25,189.3 1 1
dev.helix.code/internal/workflow/autonomy/modes.go:189.8,189.32 1 1
dev.helix.code/internal/workflow/autonomy/modes.go:189.32,191.3 1 1
dev.helix.code/internal/workflow/autonomy/modes.go:192.2,192.10 1 1
dev.helix.code/internal/workflow/autonomy/modes.go:196.36,198.2 1 1
dev.helix.code/internal/workflow/autonomy/modes.go:201.48,203.21 2 0
dev.helix.code/internal/workflow/autonomy/modes.go:203.21,205.3 1 0
dev.helix.code/internal/workflow/autonomy/modes.go:206.2,206.18 1 0
dev.helix.code/internal/workflow/autonomy/modes.go:210.32,218.2 1 0
dev.helix.code/internal/workflow/autonomy/permission.go:44.96,55.2 1 1
dev.helix.code/internal/workflow/autonomy/permission.go:58.93,63.50 3 1
dev.helix.code/internal/workflow/autonomy/permission.go:63.50,65.3 1 1
dev.helix.code/internal/workflow/autonomy/permission.go:68.2,69.19 2 1
dev.helix.code/internal/workflow/autonomy/permission.go:69.19,71.3 1 1
dev.helix.code/internal/workflow/autonomy/permission.go:74.2,74.25 1 1
dev.helix.code/internal/workflow/autonomy/permission.go:74.25,76.17 2 1
dev.helix.code/internal/workflow/autonomy/permission.go:76.17,81.4 1 0
dev.helix.code/internal/workflow/autonomy/permission.go:83.3,83.14 1 1
dev.helix.code/internal/workflow/autonomy/permission.go:83.14,88.4 1 0
dev.helix.code/internal/workflow/autonomy/permission.go:92.2,94.18 2 1
dev.helix.code/internal/workflow/autonomy/permission.go:98.75,101.21 2 1
dev.helix.code/internal/workflow/autonomy/permission.go:102.25,103.24 1 1
dev.helix.code/internal/workflow/autonomy/permission.go:103.24,110.4 1 1
dev.helix.code/internal/workflow/autonomy/permission.go:111.3,114.4 1 1
dev.helix.code/internal/workflow/autonomy/permission.go:116.25,117.22 1 1
dev.helix.code/internal/workflow/autonomy/permission.go:117.22,124.4 1 1
dev.helix.code/internal/workflow/autonomy/permission.go:125.3,125.46 1 0
dev.helix.code/internal/workflow/autonomy/permission.go:125.46,132.4 1 0
dev.helix.code/internal/workflow/autonomy/permission.go:133.3,136.4 1 0
dev.helix.code/internal/workflow/autonomy/permission.go:138.24,139.24 1 1
dev.helix.code/internal/workflow/autonomy/permission.go:139.24,146.4 1 1
dev.helix.code/internal/workflow/autonomy/permission.go:147.3,147.46 1 1
dev.helix.code/internal/workflow/autonomy/permission.go:147.46,154.4 1 0
dev.helix.code/internal/workflow/autonomy/permission.go:155.3,158.4 1 1
dev.helix.code/internal/workflow/autonomy/permission.go:160.24,161.22 1 1
dev.helix.code/internal/workflow/autonomy/permission.go:161.22,166.4 1 1
dev.helix.code/internal/workflow/autonomy/permission.go:167.3,170.4 1 1
dev.helix.code/internal/workflow/autonomy/permission.go:172.23,173.31 1 1
dev.helix.code/internal/workflow/autonomy/permission.go:173.31,178.4 1 1
dev.helix.code/internal/workflow/autonomy/permission.go:181.3,181.86 1 1
dev.helix.code/internal/workflow/autonomy/permission.go:181.86,186.4 1 1
dev.helix.code/internal/workflow/autonomy/permission.go:187.3,190.4 1 1
dev.helix.code/internal/workflow/autonomy/permission.go:192.44,193.23 1 0
dev.helix.code/internal/workflow/autonomy/permission.go:193.23,198.4 1 0
dev.helix.code/internal/workflow/autonomy/permission.go:199.3,204.4 1 0
dev.helix.code/internal/workflow/autonomy/permission.go:206.22,207.26 1 0
dev.helix.code/internal/workflow/autonomy/permission.go:207.26,214.4 1 0
dev.helix.code/internal/workflow/autonomy/permission.go:215.3,218.4 1 0
dev.helix.code/internal/workflow/autonomy/permission.go:220.10,227.4 1 0
dev.helix.code/internal/workflow/autonomy/permission.go:232.100,251.9 6 0
dev.helix.code/internal/workflow/autonomy/permission.go:252.34,256.24 4 0
dev.helix.code/internal/workflow/autonomy/permission.go:258.37,262.38 4 0
dev.helix.code/internal/workflow/autonomy/permission.go:264.20,268.26 4 0
dev.helix.code/internal/workflow/autonomy/permission.go:273.112,282.2 3 0
dev.helix.code/internal/workflow/autonomy/permission.go:285.96,290.35 3 0
dev.helix.code/internal/workflow/autonomy/permission.go:290.35,291.50 1 0
dev.helix.code/internal/workflow/autonomy/permission.go:291.50,293.4 1 0
dev.helix.code/internal/workflow/autonomy/permission.go:296.2,296.12 1 0
dev.helix.code/internal/workflow/autonomy/permission.go:300.80,308.2 4 1
dev.helix.code/internal/workflow/autonomy/permission.go:312.60,318.13 5 1
dev.helix.code/internal/workflow/autonomy/permission.go:318.13,320.3 1 1
dev.helix.code/internal/workflow/autonomy/permission.go:323.2,323.40 1 1
dev.helix.code/internal/workflow/autonomy/permission.go:323.40,326.3 2 0
dev.helix.code/internal/workflow/autonomy/permission.go:328.2,328.26 1 1
dev.helix.code/internal/workflow/autonomy/permission.go:331.66,333.2 1 1
dev.helix.code/internal/workflow/autonomy/permission.go:335.100,344.2 4 1
dev.helix.code/internal/workflow/autonomy/permission.go:346.36,350.2 3 1
dev.helix.code/internal/workflow/autonomy/permission.go:352.60,355.2 1 1
dev.helix.code/internal/workflow/autonomy/permission.go:358.65,363.44 4 0
dev.helix.code/internal/workflow/autonomy/permission.go:363.44,364.38 1 0
dev.helix.code/internal/workflow/autonomy/permission.go:364.38,366.4 1 0
dev.helix.code/internal/workflow/autonomy/permission.go:369.2,369.16 1 0
